C51 COMPILER V8.16   DIWALI_NEW                                                            10/04/2025 13:31:14 PAGE 1   


C51 COMPILER V8.16, COMPILATION OF MODULE DIWALI_NEW
OBJECT MODULE PLACED IN diwali_new.OBJ
COMPILER INVOKED BY: C:\Keil\C51\BIN\C51.EXE diwali_new.c BROWSE DEBUG OBJECTEXTEND

line level    source

   1          #include <reg51.h>  // Header file for 8051 register definitions
   2          
   3          // Delay function (approximate delay)
   4          // Adjust the loop values as needed depending on clock speed
   5          void delay() {
   6   1          int i, j;
   7   1          for (i = 0; i < 200; i++) {
   8   2              for (j = 0; j < 100; j++) {
   9   3                  // Do nothing, just wait
  10   3              }
  11   2          }
  12   1      }
  13          
  14          void main() {
  15   1          while (1) {
  16   2              // LED Pattern: Left to right shift
  17   2              P1 = 0x80; P2 = 0x01; delay();  // 1000 0000 | 0000 0001
  18   2              P1 = 0x40; P2 = 0x02; delay();  // 0100 0000 | 0000 0010
  19   2              P1 = 0x20; P2 = 0x04; delay();  // 0010 0000 | 0000 0100
  20   2              P1 = 0x10; P2 = 0x08; delay();  // 0001 0000 | 0000 1000
  21   2              P1 = 0x08; P2 = 0x10; delay();  // 0000 1000 | 0001 0000
  22   2              P1 = 0x04; P2 = 0x20; delay();  // 0000 0100 | 0010 0000
  23   2              P1 = 0x02; P2 = 0x40; delay();  // 0000 0010 | 0100 0000
  24   2              P1 = 0x01; P2 = 0x80; delay();  // 0000 0001 | 1000 0000
  25   2      
  26   2              // All LEDs ON
  27   2              P1 = 0xFF; 
  28   2              P2 = 0xFF; 
  29   2              delay();
  30   2          }
  31   1      }


MODULE INFORMATION:   STATIC OVERLAYABLE
   CODE SIZE        =    112    ----
   CONSTANT SIZE    =   ----    ----
   XDATA SIZE       =   ----    ----
   PDATA SIZE       =   ----    ----
   DATA SIZE        =   ----    ----
   IDATA SIZE       =   ----    ----
   BIT SIZE         =   ----    ----
END OF MODULE INFORMATION.


C51 COMPILATION COMPLETE.  0 WARNING(S),  0 ERROR(S)
