C51 COMPILER V8.16   P7_LED                                                                10/08/2025 23:27:21 PAGE 1   


C51 COMPILER V8.16, COMPILATION OF MODULE P7_LED
OBJECT MODULE PLACED IN P7_LED.OBJ
COMPILER INVOKED BY: C:\Keil\C51\BIN\C51.EXE P7_LED.c BROWSE DEBUG OBJECTEXTEND

line level    source

   1          #include <reg51.h>
   2          
   3          void delay(){
   4   1              int i,j;
   5   1              for (i=0;i<380;i++){
   6   2                      for (j=0;j<250;j++){
   7   3                      }
   8   2              }
   9   1      }
  10          
  11          int select_dig(int led_no){
  12   1              int num[]={0xFE,0xFD,0xFB,0xF7,0xF0};
  13   1              return (num[led_no]);
  14   1      }
  15          
  16          int get_hex(int led_no){
  17   1              int num[]={0x3F,0x06,0x5B,0xCF,0x66,0x6D,0x7D,0x07,0x7F,0x6F};
  18   1              return(num[led_no]);
  19   1      }
  20          
  21          int main(){
  22   1              int led_no[]={1,0,2,0};
  23   1              int k;int f; int i;
  24   1              for(k=0;k<3;k++) {
  25   2                      
  26   2                      for(i=0;i<4;i++){
  27   3                              P2=select_dig(i);
  28   3                              P1=get_hex(led_no[i]);
  29   3                              delay();
  30   3                              
  31   3                      }
  32   2              }
  33   1              for(f=0;f<4;f++){
  34   2                      P2=0xF0;
  35   2                      P1=get_hex(led_no[f]);
  36   2                      }       
  37   1              }


MODULE INFORMATION:   STATIC OVERLAYABLE
   CODE SIZE        =    232    ----
   CONSTANT SIZE    =     38    ----
   XDATA SIZE       =   ----    ----
   PDATA SIZE       =   ----    ----
   DATA SIZE        =   ----      48
   IDATA SIZE       =   ----    ----
   BIT SIZE         =   ----    ----
END OF MODULE INFORMATION.


C51 COMPILATION COMPLETE.  0 WARNING(S),  0 ERROR(S)
